<?xml version="1.0" encoding="utf-8" standalone="no"?>
<!--This file represents the results of running a test suite-->
<test-results name="C:\Users\dhampton\Desktop\Code\dmg\dmg\dmg.csproj" total="0" errors="0" failures="0" not-run="0" inconclusive="0" ignored="0" skipped="0" invalid="0" date="2013-07-11" time="15:26:06">
  <environment nunit-version="2.6.2.12296" clr-version="2.0.50727.5466" os-version="Microsoft Windows NT 6.1.7601 Service Pack 1" platform="Win32NT" cwd="C:\Users\dhampton\Desktop\Code\dmg\dmg" machine-name="ASH09352" user="dhampton" user-domain="DOMAINCATPA" />
  <culture-info current-culture="en-US" current-uiculture="en-US" />
  <test-suite type="Project" name="C:\Users\dhampton\Desktop\Code\dmg\dmg\dmg.csproj" executed="True" result="Inconclusive" success="False" time="0.025" asserts="0">
    <results>
      <test-suite type="Assembly" name="C:\Users\dhampton\Desktop\Code\dmg\dmg\bin\Debug\dmg.exe" executed="True" result="Inconclusive" success="False" time="0.004" asserts="0" />
    </results>
  </test-suite>
</test-results>