<?xml version="1.0" encoding="utf-8" standalone="no"?>
<!--This file represents the results of running a test suite-->
<test-results name="C:\Users\dhampton\Desktop\Code\dmg\UnitTests\UnitTests.csproj" total="4" errors="0" failures="0" not-run="0" inconclusive="0" ignored="0" skipped="0" invalid="0" date="2013-07-31" time="15:13:00">
  <environment nunit-version="2.6.2.12296" clr-version="2.0.50727.5466" os-version="Microsoft Windows NT 6.1.7601 Service Pack 1" platform="Win32NT" cwd="C:\Users\dhampton\Desktop\Code\dmg\UnitTests" machine-name="ASH09352" user="dhampton" user-domain="DOMAINCATPA" />
  <culture-info current-culture="en-US" current-uiculture="en-US" />
  <test-suite type="Project" name="C:\Users\dhampton\Desktop\Code\dmg\UnitTests\UnitTests.csproj" executed="True" result="Success" success="True" time="0.093" asserts="0">
    <results>
      <test-suite type="Assembly" name="C:\Users\dhampton\Desktop\Code\dmg\UnitTests\bin\Debug\UnitTests.dll" executed="True" result="Success" success="True" time="0.074" asserts="0">
        <results>
          <test-suite type="Namespace" name="UnitTests" executed="True" result="Success" success="True" time="0.074" asserts="0">
            <results>
              <test-suite type="TestFixture" name="Class1" executed="True" result="Success" success="True" time="0.043" asserts="0">
                <results>
                  <test-case name="UnitTests.Class1.herpderp" executed="True" result="Success" success="True" time="0.032" asserts="1" />
                </results>
              </test-suite>
              <test-suite type="TestFixture" name="TileStainTest" executed="True" result="Success" success="True" time="0.026" asserts="0">
                <results>
                  <test-case name="UnitTests.TileStainTest.StainLevelConstrainsHigh" executed="True" result="Success" success="True" time="0.019" asserts="2" />
                  <test-case name="UnitTests.TileStainTest.StainLevelConstrainsLow" executed="True" result="Success" success="True" time="0.000" asserts="2" />
                  <test-case name="UnitTests.TileStainTest.TileStainConstructs" executed="True" result="Success" success="True" time="0.002" asserts="3" />
                </results>
              </test-suite>
            </results>
          </test-suite>
        </results>
      </test-suite>
    </results>
  </test-suite>
</test-results>